<?xml version="1.0" encoding="UTF-8"?>
<coverage generated="1737488516484" clover="3.2.0">
  <project timestamp="1737488516484" name="All files">
    <metrics statements="54" coveredstatements="48" conditionals="42" coveredconditionals="40" methods="7" coveredmethods="7" elements="103" coveredelements="95" complexity="0" loc="54" ncloc="54" packages="1" files="1" classes="1"/>
    <file name="meteo.mjs" path="/home/a23mateomgu/Escritorio/open-meteo/meteo.mjs">
      <metrics statements="54" coveredstatements="48" conditionals="42" coveredconditionals="40" methods="7" coveredmethods="7"/>
      <line num="3" count="1" type="stmt"/>
      <line num="35" count="2" type="stmt"/>
      <line num="36" count="2" type="stmt"/>
      <line num="37" count="2" type="stmt"/>
      <line num="38" count="2" type="stmt"/>
      <line num="39" count="1" type="stmt"/>
      <line num="41" count="0" type="stmt"/>
      <line num="42" count="0" type="stmt"/>
      <line num="47" count="3" type="cond" truecount="2" falsecount="0"/>
      <line num="48" count="2" type="stmt"/>
      <line num="49" count="2" type="cond" truecount="1" falsecount="1"/>
      <line num="50" count="2" type="stmt"/>
      <line num="52" count="1" type="stmt"/>
      <line num="53" count="1" type="stmt"/>
      <line num="58" count="2" type="stmt"/>
      <line num="59" count="2" type="stmt"/>
      <line num="60" count="2" type="stmt"/>
      <line num="64" count="10" type="stmt"/>
      <line num="65" count="10" type="stmt"/>
      <line num="67" count="10" type="cond" truecount="4" falsecount="0"/>
      <line num="68" count="2" type="stmt"/>
      <line num="69" count="8" type="cond" truecount="4" falsecount="0"/>
      <line num="70" count="1" type="stmt"/>
      <line num="71" count="7" type="cond" truecount="4" falsecount="0"/>
      <line num="72" count="1" type="stmt"/>
      <line num="73" count="6" type="cond" truecount="4" falsecount="0"/>
      <line num="74" count="1" type="stmt"/>
      <line num="75" count="5" type="cond" truecount="4" falsecount="0"/>
      <line num="76" count="1" type="stmt"/>
      <line num="77" count="4" type="cond" truecount="4" falsecount="0"/>
      <line num="78" count="1" type="stmt"/>
      <line num="79" count="3" type="cond" truecount="4" falsecount="0"/>
      <line num="80" count="1" type="stmt"/>
      <line num="81" count="2" type="cond" truecount="4" falsecount="0"/>
      <line num="82" count="1" type="stmt"/>
      <line num="83" count="1" type="cond" truecount="3" falsecount="1"/>
      <line num="84" count="1" type="stmt"/>
      <line num="86" count="10" type="stmt"/>
      <line num="90" count="3" type="stmt"/>
      <line num="91" count="3" type="cond" truecount="2" falsecount="0"/>
      <line num="92" count="1" type="stmt"/>
      <line num="94" count="2" type="stmt"/>
      <line num="98" count="1" type="stmt"/>
      <line num="99" count="1" type="stmt"/>
      <line num="100" count="1" type="stmt"/>
      <line num="101" count="1" type="stmt"/>
      <line num="106" count="1" type="stmt"/>
      <line num="107" count="1" type="stmt"/>
      <line num="109" count="1" type="stmt"/>
      <line num="110" count="0" type="stmt"/>
      <line num="111" count="0" type="stmt"/>
      <line num="112" count="0" type="stmt"/>
      <line num="113" count="0" type="stmt"/>
      <line num="116" count="1" type="stmt"/>
    </file>
  </project>
</coverage>
