{"/home/a23mateomgu/Escritorio/open-meteo/meteo.mjs": {"path":"/home/a23mateomgu/Escritorio/open-meteo/meteo.mjs","statementMap":{"0":{"start":{"line":3,"column":22},"end":{"line":32,"column":1}},"1":{"start":{"line":35,"column":17},"end":{"line":35,"column":120}},"2":{"start":{"line":36,"column":2},"end":{"line":43,"column":3}},"3":{"start":{"line":37,"column":25},"end":{"line":37,"column":44}},"4":{"start":{"line":38,"column":31},"end":{"line":38,"column":56}},"5":{"start":{"line":39,"column":4},"end":{"line":39,"column":30}},"6":{"start":{"line":41,"column":4},"end":{"line":41,"column":74}},"7":{"start":{"line":42,"column":4},"end":{"line":42,"column":17}},"8":{"start":{"line":47,"column":2},"end":{"line":54,"column":3}},"9":{"start":{"line":48,"column":25},"end":{"line":48,"column":57}},"10":{"start":{"line":49,"column":30},"end":{"line":49,"column":97}},"11":{"start":{"line":50,"column":4},"end":{"line":50,"column":29}},"12":{"start":{"line":52,"column":4},"end":{"line":52,"column":64}},"13":{"start":{"line":53,"column":4},"end":{"line":53,"column":20}},"14":{"start":{"line":58,"column":26},"end":{"line":58,"column":60}},"15":{"start":{"line":59,"column":26},"end":{"line":59,"column":56}},"16":{"start":{"line":60,"column":2},"end":{"line":60,"column":44}},"17":{"start":{"line":64,"column":17},"end":{"line":64,"column":23}},"18":{"start":{"line":65,"column":18},"end":{"line":65,"column":20}},"19":{"start":{"line":67,"column":2},"end":{"line":85,"column":3}},"20":{"start":{"line":68,"column":4},"end":{"line":68,"column":20}},"21":{"start":{"line":69,"column":9},"end":{"line":85,"column":3}},"22":{"start":{"line":70,"column":4},"end":{"line":70,"column":21}},"23":{"start":{"line":71,"column":9},"end":{"line":85,"column":3}},"24":{"start":{"line":72,"column":4},"end":{"line":72,"column":20}},"25":{"start":{"line":73,"column":9},"end":{"line":85,"column":3}},"26":{"start":{"line":74,"column":4},"end":{"line":74,"column":21}},"27":{"start":{"line":75,"column":9},"end":{"line":85,"column":3}},"28":{"start":{"line":76,"column":4},"end":{"line":76,"column":20}},"29":{"start":{"line":77,"column":9},"end":{"line":85,"column":3}},"30":{"start":{"line":78,"column":4},"end":{"line":78,"column":21}},"31":{"start":{"line":79,"column":9},"end":{"line":85,"column":3}},"32":{"start":{"line":80,"column":4},"end":{"line":80,"column":20}},"33":{"start":{"line":81,"column":9},"end":{"line":85,"column":3}},"34":{"start":{"line":82,"column":4},"end":{"line":82,"column":21}},"35":{"start":{"line":83,"column":9},"end":{"line":85,"column":3}},"36":{"start":{"line":84,"column":4},"end":{"line":84,"column":20}},"37":{"start":{"line":86,"column":2},"end":{"line":86,"column":19}},"38":{"start":{"line":90,"column":22},"end":{"line":90,"column":54}},"39":{"start":{"line":91,"column":2},"end":{"line":93,"column":3}},"40":{"start":{"line":92,"column":4},"end":{"line":92,"column":44}},"41":{"start":{"line":94,"column":2},"end":{"line":94,"column":21}},"42":{"start":{"line":98,"column":2},"end":{"line":98,"column":51}},"43":{"start":{"line":99,"column":2},"end":{"line":99,"column":54}},"44":{"start":{"line":100,"column":2},"end":{"line":100,"column":56}},"45":{"start":{"line":101,"column":2},"end":{"line":101,"column":85}},"46":{"start":{"line":106,"column":22},"end":{"line":106,"column":29}},"47":{"start":{"line":107,"column":23},"end":{"line":107,"column":29}},"48":{"start":{"line":109,"column":15},"end":{"line":109,"column":69}},"49":{"start":{"line":110,"column":17},"end":{"line":110,"column":42}},"50":{"start":{"line":111,"column":17},"end":{"line":111,"column":36}},"51":{"start":{"line":112,"column":22},"end":{"line":112,"column":46}},"52":{"start":{"line":113,"column":2},"end":{"line":113,"column":55}},"53":{"start":{"line":116,"column":0},"end":{"line":116,"column":7}}},"fnMap":{"0":{"name":"obtenInformacionMeteo","decl":{"start":{"line":34,"column":22},"end":{"line":34,"column":43}},"loc":{"start":{"line":34,"column":63},"end":{"line":44,"column":1}},"line":34},"1":{"name":"procesaCodigoTiempo","decl":{"start":{"line":46,"column":16},"end":{"line":46,"column":35}},"loc":{"start":{"line":46,"column":41},"end":{"line":55,"column":1}},"line":46},"2":{"name":"procesaViento","decl":{"start":{"line":57,"column":16},"end":{"line":57,"column":29}},"loc":{"start":{"line":57,"column":35},"end":{"line":61,"column":1}},"line":57},"3":{"name":"direccionViento","decl":{"start":{"line":63,"column":16},"end":{"line":63,"column":31}},"loc":{"start":{"line":63,"column":40},"end":{"line":87,"column":1}},"line":63},"4":{"name":"procesaTemperatura","decl":{"start":{"line":89,"column":16},"end":{"line":89,"column":34}},"loc":{"start":{"line":89,"column":41},"end":{"line":95,"column":1}},"line":89},"5":{"name":"muestraInformacionMeteo","decl":{"start":{"line":97,"column":16},"end":{"line":97,"column":39}},"loc":{"start":{"line":97,"column":68},"end":{"line":102,"column":1}},"line":97},"6":{"name":"main","decl":{"start":{"line":105,"column":15},"end":{"line":105,"column":19}},"loc":{"start":{"line":105,"column":22},"end":{"line":114,"column":1}},"line":105}},"branchMap":{"0":{"loc":{"start":{"line":47,"column":2},"end":{"line":54,"column":3}},"type":"if","locations":[{"start":{"line":47,"column":2},"end":{"line":54,"column":3}},{"start":{"line":51,"column":9},"end":{"line":54,"column":3}}],"line":47},"1":{"loc":{"start":{"line":49,"column":30},"end":{"line":49,"column":97}},"type":"binary-expr","locations":[{"start":{"line":49,"column":30},"end":{"line":49,"column":57}},{"start":{"line":49,"column":61},"end":{"line":49,"column":97}}],"line":49},"2":{"loc":{"start":{"line":67,"column":2},"end":{"line":85,"column":3}},"type":"if","locations":[{"start":{"line":67,"column":2},"end":{"line":85,"column":3}},{"start":{"line":69,"column":9},"end":{"line":85,"column":3}}],"line":67},"3":{"loc":{"start":{"line":67,"column":6},"end":{"line":67,"column":34}},"type":"binary-expr","locations":[{"start":{"line":67,"column":6},"end":{"line":67,"column":17}},{"start":{"line":67,"column":21},"end":{"line":67,"column":34}}],"line":67},"4":{"loc":{"start":{"line":69,"column":9},"end":{"line":85,"column":3}},"type":"if","locations":[{"start":{"line":69,"column":9},"end":{"line":85,"column":3}},{"start":{"line":71,"column":9},"end":{"line":85,"column":3}}],"line":69},"5":{"loc":{"start":{"line":69,"column":13},"end":{"line":69,"column":44}},"type":"binary-expr","locations":[{"start":{"line":69,"column":13},"end":{"line":69,"column":27}},{"start":{"line":69,"column":31},"end":{"line":69,"column":44}}],"line":69},"6":{"loc":{"start":{"line":71,"column":9},"end":{"line":85,"column":3}},"type":"if","locations":[{"start":{"line":71,"column":9},"end":{"line":85,"column":3}},{"start":{"line":73,"column":9},"end":{"line":85,"column":3}}],"line":71},"7":{"loc":{"start":{"line":71,"column":13},"end":{"line":71,"column":45}},"type":"binary-expr","locations":[{"start":{"line":71,"column":13},"end":{"line":71,"column":27}},{"start":{"line":71,"column":31},"end":{"line":71,"column":45}}],"line":71},"8":{"loc":{"start":{"line":73,"column":9},"end":{"line":85,"column":3}},"type":"if","locations":[{"start":{"line":73,"column":9},"end":{"line":85,"column":3}},{"start":{"line":75,"column":9},"end":{"line":85,"column":3}}],"line":73},"9":{"loc":{"start":{"line":73,"column":13},"end":{"line":73,"column":46}},"type":"binary-expr","locations":[{"start":{"line":73,"column":13},"end":{"line":73,"column":28}},{"start":{"line":73,"column":32},"end":{"line":73,"column":46}}],"line":73},"10":{"loc":{"start":{"line":75,"column":9},"end":{"line":85,"column":3}},"type":"if","locations":[{"start":{"line":75,"column":9},"end":{"line":85,"column":3}},{"start":{"line":77,"column":9},"end":{"line":85,"column":3}}],"line":75},"11":{"loc":{"start":{"line":75,"column":13},"end":{"line":75,"column":46}},"type":"binary-expr","locations":[{"start":{"line":75,"column":13},"end":{"line":75,"column":28}},{"start":{"line":75,"column":32},"end":{"line":75,"column":46}}],"line":75},"12":{"loc":{"start":{"line":77,"column":9},"end":{"line":85,"column":3}},"type":"if","locations":[{"start":{"line":77,"column":9},"end":{"line":85,"column":3}},{"start":{"line":79,"column":9},"end":{"line":85,"column":3}}],"line":77},"13":{"loc":{"start":{"line":77,"column":13},"end":{"line":77,"column":46}},"type":"binary-expr","locations":[{"start":{"line":77,"column":13},"end":{"line":77,"column":28}},{"start":{"line":77,"column":32},"end":{"line":77,"column":46}}],"line":77},"14":{"loc":{"start":{"line":79,"column":9},"end":{"line":85,"column":3}},"type":"if","locations":[{"start":{"line":79,"column":9},"end":{"line":85,"column":3}},{"start":{"line":81,"column":9},"end":{"line":85,"column":3}}],"line":79},"15":{"loc":{"start":{"line":79,"column":13},"end":{"line":79,"column":46}},"type":"binary-expr","locations":[{"start":{"line":79,"column":13},"end":{"line":79,"column":28}},{"start":{"line":79,"column":32},"end":{"line":79,"column":46}}],"line":79},"16":{"loc":{"start":{"line":81,"column":9},"end":{"line":85,"column":3}},"type":"if","locations":[{"start":{"line":81,"column":9},"end":{"line":85,"column":3}},{"start":{"line":83,"column":9},"end":{"line":85,"column":3}}],"line":81},"17":{"loc":{"start":{"line":81,"column":13},"end":{"line":81,"column":46}},"type":"binary-expr","locations":[{"start":{"line":81,"column":13},"end":{"line":81,"column":28}},{"start":{"line":81,"column":32},"end":{"line":81,"column":46}}],"line":81},"18":{"loc":{"start":{"line":83,"column":9},"end":{"line":85,"column":3}},"type":"if","locations":[{"start":{"line":83,"column":9},"end":{"line":85,"column":3}},{"start":{},"end":{}}],"line":83},"19":{"loc":{"start":{"line":83,"column":13},"end":{"line":83,"column":44}},"type":"binary-expr","locations":[{"start":{"line":83,"column":13},"end":{"line":83,"column":28}},{"start":{"line":83,"column":32},"end":{"line":83,"column":44}}],"line":83},"20":{"loc":{"start":{"line":91,"column":2},"end":{"line":93,"column":3}},"type":"if","locations":[{"start":{"line":91,"column":2},"end":{"line":93,"column":3}},{"start":{},"end":{}}],"line":91}},"s":{"0":1,"1":2,"2":2,"3":2,"4":2,"5":1,"6":0,"7":0,"8":3,"9":2,"10":2,"11":2,"12":1,"13":1,"14":2,"15":2,"16":2,"17":10,"18":10,"19":10,"20":2,"21":8,"22":1,"23":7,"24":1,"25":6,"26":1,"27":5,"28":1,"29":4,"30":1,"31":3,"32":1,"33":2,"34":1,"35":1,"36":1,"37":10,"38":3,"39":3,"40":1,"41":2,"42":1,"43":1,"44":1,"45":1,"46":1,"47":1,"48":1,"49":0,"50":0,"51":0,"52":0,"53":1},"f":{"0":2,"1":3,"2":2,"3":10,"4":3,"5":1,"6":1},"b":{"0":[2,1],"1":[2,0],"2":[2,8],"3":[10,10],"4":[1,7],"5":[8,8],"6":[1,6],"7":[7,7],"8":[1,5],"9":[6,6],"10":[1,4],"11":[5,5],"12":[1,3],"13":[4,4],"14":[1,2],"15":[3,3],"16":[1,1],"17":[2,2],"18":[1,0],"19":[1,1],"20":[1,2]},"_coverageSchema":"1a1c01bbd47fc00a2c39e90264f33305004495a9","hash":"1fa193c487906675ca1aaf975e025502c77ee111"}
}
