TN:
SF:meteo.mjs
FN:34,obtenInformacionMeteo
FN:46,procesaCodigoTiempo
FN:57,procesaViento
FN:63,direccionViento
FN:89,procesaTemperatura
FN:97,muestraInformacionMeteo
FN:105,main
FNF:7
FNH:7
FNDA:2,obtenInformacionMeteo
FNDA:4,procesaCodigoTiempo
FNDA:3,procesaViento
FNDA:11,direccionViento
FNDA:4,procesaTemperatura
FNDA:2,muestraInformacionMeteo
FNDA:1,main
DA:3,1
DA:35,2
DA:36,2
DA:37,2
DA:38,2
DA:39,2
DA:41,0
DA:42,0
DA:47,4
DA:48,3
DA:49,3
DA:50,3
DA:52,1
DA:53,1
DA:58,3
DA:59,3
DA:60,3
DA:64,11
DA:65,11
DA:67,11
DA:68,3
DA:69,8
DA:70,1
DA:71,7
DA:72,1
DA:73,6
DA:74,1
DA:75,5
DA:76,1
DA:77,4
DA:78,1
DA:79,3
DA:80,1
DA:81,2
DA:82,1
DA:83,1
DA:84,1
DA:86,11
DA:90,4
DA:91,4
DA:92,1
DA:94,3
DA:98,2
DA:99,2
DA:100,2
DA:101,2
DA:106,1
DA:107,1
DA:109,1
DA:110,1
DA:111,1
DA:112,1
DA:113,1
DA:116,1
LF:54
LH:52
BRDA:47,0,0,3
BRDA:47,0,1,1
BRDA:49,1,0,3
BRDA:49,1,1,0
BRDA:67,2,0,3
BRDA:67,2,1,8
BRDA:67,3,0,11
BRDA:67,3,1,11
BRDA:69,4,0,1
BRDA:69,4,1,7
BRDA:69,5,0,8
BRDA:69,5,1,8
BRDA:71,6,0,1
BRDA:71,6,1,6
BRDA:71,7,0,7
BRDA:71,7,1,7
BRDA:73,8,0,1
BRDA:73,8,1,5
BRDA:73,9,0,6
BRDA:73,9,1,6
BRDA:75,10,0,1
BRDA:75,10,1,4
BRDA:75,11,0,5
BRDA:75,11,1,5
BRDA:77,12,0,1
BRDA:77,12,1,3
BRDA:77,13,0,4
BRDA:77,13,1,4
BRDA:79,14,0,1
BRDA:79,14,1,2
BRDA:79,15,0,3
BRDA:79,15,1,3
BRDA:81,16,0,1
BRDA:81,16,1,1
BRDA:81,17,0,2
BRDA:81,17,1,2
BRDA:83,18,0,1
BRDA:83,18,1,0
BRDA:83,19,0,1
BRDA:83,19,1,1
BRDA:91,20,0,1
BRDA:91,20,1,3
BRF:42
BRH:40
end_of_record
